<?xml version="1.0" encoding="UTF-8"?>
<!-- Generated by org.testng.reporters.JUnitReportReporter -->
<testsuite hostname="DDC2-D-6QYQ9B2" name="testmeapp.OnlineShoppingTest" tests="3" failures="0" timestamp="23 Jul 2019 06:43:02 GMT" time="37.365" errors="0">
  <testcase name="testPayment" time="8.659" classname="testmeapp.OnlineShoppingTest"/>
  <testcase name="testCart" time="9.000" classname="testmeapp.OnlineShoppingTest"/>
  <testcase name="testLogin" time="19.706" classname="testmeapp.OnlineShoppingTest"/>
</testsuite> <!-- testmeapp.OnlineShoppingTest -->
