<?xml version="1.0" encoding="UTF-8"?>
<!-- Generated by org.testng.reporters.JUnitReportReporter -->
<testsuite hostname="DDC2-D-6QYQ9B2" name="Demo.CreateWorkbook" tests="1" failures="0" timestamp="22 Jul 2019 08:04:20 GMT" time="0.016" errors="0">
  <testcase name="f" time="0.016" classname="Demo.CreateWorkbook"/>
</testsuite> <!-- Demo.CreateWorkbook -->
