<?xml version="1.0" encoding="UTF-8"?>
<!-- Generated by org.testng.reporters.JUnitReportReporter -->
<testsuite hostname="DDC2-D-6QYQ9B2" name="Demo.ExtentReportDemo_01" tests="1" failures="0" timestamp="23 Jul 2019 05:05:55 GMT" time="0.041" errors="0">
  <testcase name="validating" time="0.041" classname="Demo.ExtentReportDemo_01"/>
</testsuite> <!-- Demo.ExtentReportDemo_01 -->
