<?xml version="1.0" encoding="UTF-8"?>
<!-- Generated by org.testng.reporters.JUnitReportReporter -->
<testsuite hostname="DDC2-D-6QYQ9B2" name="Demo.HandsOn_01" tests="1" failures="0" timestamp="19 Jul 2019 11:12:22 GMT" time="30.687" errors="0">
  <testcase name="f" time="30.687" classname="Demo.HandsOn_01"/>
</testsuite> <!-- Demo.HandsOn_01 -->
