<?xml version="1.0" encoding="UTF-8"?>
<!-- Generated by org.testng.reporters.JUnitReportReporter -->
<testsuite hostname="DDC2-D-6QYQ9B2" name="pack1.MyTC_06" tests="10" failures="0" timestamp="18 Jul 2019 05:31:29 GMT" time="0.032" errors="0">
  <testcase name="f" time="0.000" classname="pack1.MyTC_06"/>
  <testcase name="f" time="0.000" classname="pack1.MyTC_06"/>
  <testcase name="f" time="0.000" classname="pack1.MyTC_06"/>
  <testcase name="f" time="0.000" classname="pack1.MyTC_06"/>
  <testcase name="f" time="0.000" classname="pack1.MyTC_06"/>
  <testcase name="f" time="0.000" classname="pack1.MyTC_06"/>
  <testcase name="f" time="0.016" classname="pack1.MyTC_06"/>
  <testcase name="f" time="0.016" classname="pack1.MyTC_06"/>
  <testcase name="f" time="0.000" classname="pack1.MyTC_06"/>
  <testcase name="f" time="0.000" classname="pack1.MyTC_06"/>
</testsuite> <!-- pack1.MyTC_06 -->
