<?xml version="1.0" encoding="UTF-8"?>
<!-- Generated by org.testng.reporters.JUnitReportReporter -->
<testsuite hostname="DDC2-D-6QYQ9B2" name="pack1.HandsOn_02" tests="2" failures="0" timestamp="19 Jul 2019 08:58:07 GMT" time="0.018" errors="0">
  <testcase name="testTwitter" time="0.016" classname="pack1.HandsOn_02"/>
  <testcase name="testGoogle" time="0.002" classname="pack1.HandsOn_02"/>
</testsuite> <!-- pack1.HandsOn_02 -->
