<?xml version="1.0" encoding="UTF-8"?>
<!-- Generated by org.testng.reporters.JUnitReportReporter -->
<testsuite hostname="DDC2-D-6QYQ9B2" name="pack1.HandsOn_03" tests="3" failures="0" timestamp="19 Jul 2019 09:06:28 GMT" time="0.015" errors="0">
  <testcase name="testLogin" time="0.015" classname="pack1.HandsOn_03"/>
  <testcase name="testLogin" time="0.000" classname="pack1.HandsOn_03"/>
  <testcase name="testLogin" time="0.000" classname="pack1.HandsOn_03"/>
</testsuite> <!-- pack1.HandsOn_03 -->
