<?xml version="1.0" encoding="UTF-8"?>
<!-- Generated by org.testng.reporters.JUnitReportReporter -->
<testsuite hostname="DDC2-D-6QYQ9B2" name="pack1.MyTC_15" tests="1" failures="0" timestamp="19 Jul 2019 05:26:59 GMT" time="35.212" errors="0">
  <testcase name="f" time="35.212" classname="pack1.MyTC_15"/>
</testsuite> <!-- pack1.MyTC_15 -->
