<?xml version="1.0" encoding="UTF-8"?>
<!-- Generated by org.testng.reporters.JUnitReportReporter -->
<testsuite hostname="DDC2-D-6QYQ9B2" name="pack1.HandsOn_01" tests="1" failures="0" timestamp="19 Jul 2019 09:17:04 GMT" time="0.009" errors="0">
  <testcase name="f" time="0.009" classname="pack1.HandsOn_01"/>
</testsuite> <!-- pack1.HandsOn_01 -->
