<?xml version="1.0" encoding="UTF-8"?>
<!-- Generated by org.testng.reporters.JUnitReportReporter -->
<testsuite hostname="DDC2-D-6QYQ9B2" name="pack1.MyTC_05" tests="2" failures="0" timestamp="18 Jul 2019 05:05:40 GMT" time="92.684" errors="0">
  <testcase name="login" time="65.585" classname="pack1.MyTC_05"/>
  <testcase name="login" time="27.099" classname="pack1.MyTC_05"/>
</testsuite> <!-- pack1.MyTC_05 -->
