<?xml version="1.0" encoding="UTF-8"?>
<!-- Generated by org.testng.reporters.JUnitReportReporter -->
<testsuite hostname="DDC2-D-6QYQ9B2" name="pack1.MyTC_13" tests="1" failures="0" timestamp="18 Jul 2019 12:59:41 GMT" time="28.489" errors="0">
  <testcase name="f" time="28.489" classname="pack1.MyTC_13"/>
</testsuite> <!-- pack1.MyTC_13 -->
