<?xml version="1.0" encoding="UTF-8"?>
<!-- Generated by org.testng.reporters.JUnitReportReporter -->
<testsuite hostname="DDC2-D-6QYQ9B2" name="pack1.MyTC_03" tests="3" failures="0" timestamp="17 Jul 2019 12:12:45 GMT" time="0.000" errors="0">
  <testcase name="f" time="0.000" classname="pack1.MyTC_03"/>
  <testcase name="g" time="0.000" classname="pack1.MyTC_03"/>
  <testcase name="h" time="0.000" classname="pack1.MyTC_03"/>
</testsuite> <!-- pack1.MyTC_03 -->
