<?xml version="1.0" encoding="UTF-8"?>
<!-- Generated by org.testng.reporters.JUnitReportReporter -->
<testsuite hostname="DDC2-D-6QYQ9B2" name="pack1.HandsOn_04" tests="5" failures="0" timestamp="19 Jul 2019 09:58:48 GMT" time="0.048" errors="0">
  <testcase name="method3" time="0.016" classname="pack1.HandsOn_04"/>
  <testcase name="method1" time="0.016" classname="pack1.HandsOn_04"/>
  <testcase name="method3" time="0.000" classname="pack1.HandsOn_04"/>
  <testcase name="method1" time="0.016" classname="pack1.HandsOn_04"/>
  <testcase name="method2" time="0.000" classname="pack1.HandsOn_04"/>
</testsuite> <!-- pack1.HandsOn_04 -->
