<?xml version="1.0" encoding="UTF-8"?>
<!-- Generated by org.testng.reporters.JUnitReportReporter -->
<testsuite hostname="DDC2-D-6QYQ9B2" name="pack1.NewTest" tests="3" failures="0" timestamp="17 Jul 2019 10:26:16 GMT" time="0.016" errors="0">
  <testcase name="f" time="0.000" classname="pack1.NewTest"/>
  <testcase name="f" time="0.000" classname="pack1.NewTest"/>
  <testcase name="f" time="0.016" classname="pack1.NewTest"/>
</testsuite> <!-- pack1.NewTest -->
