<?xml version="1.0" encoding="UTF-8"?>
<!-- Generated by org.testng.reporters.JUnitReportReporter -->
<testsuite hostname="DDC2-D-6QYQ9B2" name="pack1.MyTC_11" tests="1" failures="0" timestamp="18 Jul 2019 11:26:21 GMT" time="31.481" errors="0">
  <testcase name="f" time="31.481" classname="pack1.MyTC_11"/>
</testsuite> <!-- pack1.MyTC_11 -->
