<?xml version="1.0" encoding="UTF-8"?>
<!-- Generated by org.testng.reporters.JUnitReportReporter -->
<testsuite hostname="DDC2-D-6QYQ9B2" name="pack1.Driver_import" tests="1" failures="0" timestamp="19 Jul 2019 07:29:27 GMT" time="12.771" errors="0">
  <testcase name="f" time="12.771" classname="pack1.Driver_import"/>
</testsuite> <!-- pack1.Driver_import -->
