<?xml version="1.0" encoding="UTF-8"?>
<!-- Generated by org.testng.reporters.JUnitReportReporter -->
<testsuite hostname="DDC2-D-6QYQ9B2" name="pack1.MyTC_01" tests="4" failures="0" timestamp="17 Jul 2019 11:46:55 GMT" time="0.016" errors="0">
  <testcase name="AddToCart" time="0.000" classname="pack1.MyTC_01"/>
  <testcase name="Logout" time="0.000" classname="pack1.MyTC_01"/>
  <testcase name="Login" time="0.016" classname="pack1.MyTC_01"/>
  <testcase name="Registration" time="0.000" classname="pack1.MyTC_01"/>
</testsuite> <!-- pack1.MyTC_01 -->
