<?xml version="1.0" encoding="UTF-8"?>
<!-- Generated by org.testng.reporters.JUnitReportReporter -->
<testsuite hostname="DDC2-D-6QYQ9B2" name="pack1.HandsOn_05" tests="3" failures="0" timestamp="19 Jul 2019 09:58:48 GMT" time="0.000" errors="0">
  <testcase name="method6" time="0.000" classname="pack1.HandsOn_05"/>
  <testcase name="method5" time="0.000" classname="pack1.HandsOn_05"/>
  <testcase name="method4" time="0.000" classname="pack1.HandsOn_05"/>
</testsuite> <!-- pack1.HandsOn_05 -->
