<?xml version="1.0" encoding="UTF-8"?>
<!-- Generated by org.testng.reporters.JUnitReportReporter -->
<testsuite hostname="DDC2-D-6QYQ9B2" name="pack1.HandsOn_06" tests="2" failures="0" timestamp="19 Jul 2019 10:06:44 GMT" time="0.016" errors="0">
  <testcase name="tmethod1" time="0.016" classname="pack1.HandsOn_06"/>
  <testcase name="tmethod1" time="0.000" classname="pack1.HandsOn_06"/>
</testsuite> <!-- pack1.HandsOn_06 -->
