<?xml version="1.0" encoding="UTF-8"?>
<!-- Generated by org.testng.reporters.JUnitReportReporter -->
<testsuite hostname="DDC2-D-6QYQ9B2" name="pack1.MyTC_02" tests="3" failures="0" timestamp="17 Jul 2019 11:30:34 GMT" time="0.000" errors="0">
  <testcase name="beforeMethod" time="0.000" classname="pack1.MyTC_02"/>
  <testcase name="f" time="0.000" classname="pack1.MyTC_02"/>
  <testcase name="afterMethod" time="0.000" classname="pack1.MyTC_02"/>
</testsuite> <!-- pack1.MyTC_02 -->
