<?xml version="1.0" encoding="UTF-8"?>
<!-- Generated by org.testng.reporters.JUnitReportReporter -->
<testsuite hostname="DDC2-D-6QYQ9B2" name="pack1.MyTC_10" tests="1" failures="0" timestamp="18 Jul 2019 10:15:39 GMT" time="29.337" errors="0">
  <testcase name="f" time="29.337" classname="pack1.MyTC_10"/>
</testsuite> <!-- pack1.MyTC_10 -->
