<?xml version="1.0" encoding="UTF-8"?>
<!-- Generated by org.testng.reporters.JUnitReportReporter -->
<testsuite hostname="DDC2-D-6QYQ9B2" name="pack1.MyTC_07" tests="1" failures="0" timestamp="18 Jul 2019 07:10:20 GMT" time="25.932" errors="0">
  <testcase name="sbi" time="25.932" classname="pack1.MyTC_07"/>
</testsuite> <!-- pack1.MyTC_07 -->
