<?xml version="1.0" encoding="UTF-8"?>
<!-- Generated by org.testng.reporters.JUnitReportReporter -->
<testsuite hostname="DDC2-D-6QYQ9B2" name="pack1.MyTC_14" tests="1" failures="0" timestamp="19 Jul 2019 05:06:17 GMT" time="36.053" errors="0">
  <testcase name="f" time="36.053" classname="pack1.MyTC_14"/>
</testsuite> <!-- pack1.MyTC_14 -->
