<?xml version="1.0" encoding="UTF-8"?>
<!-- Generated by org.testng.reporters.JUnitReportReporter -->
<testsuite skipped="0" hostname="HDC2-L-9227QQ2" name="ddc2July_19.Exc_01" tests="1" failures="0" timestamp="19 Jul 2019 11:34:21 GMT" time="0.633" errors="0">
  <testcase name="f" time="0.633" classname="ddc2July_19.Exc_01"/>
</testsuite> <!-- ddc2July_19.Exc_01 -->
